Mon May 22 03:44:26 MSK 2023 ZRDN1 : Обнаружена крылатая ракета на координатах x:7680750, y:4345491. Производится выстрел.
Mon May 22 03:44:27 MSK 2023 RLS1 : Обнаружена цель ID:11e284 с координатами x:5777240, y:2553071
Mon May 22 03:44:27 MSK 2023 RLS3 : Обнаружена цель ID:11e284 с координатами x:5777240, y:2553071
Mon May 22 03:44:27 MSK 2023 RLS1 : Обнаружена цель ID:119740 с координатами x:4570103, y:153422
Mon May 22 03:44:27 MSK 2023 RLS1 : Обнаружена цель ID:4266a3 с координатами x:4951373, y:4416197
Mon May 22 03:44:27 MSK 2023 RLS1 : Обнаружена цель ID:29d8df с координатами x:3659463, y:1894500
Mon May 22 03:44:27 MSK 2023 RLS1 : Обнаружена цель ID:f16db3 с координатами x:5010186, y:6206934
Mon May 22 03:44:27 MSK 2023 RLS1 : Обнаружена цель ID:f27bfd с координатами x:4131750, y:1853413
Mon May 22 03:44:27 MSK 2023 RLS1 : Обнаружена цель ID:6821d8 с координатами x:4718874, y:3763848
Mon May 22 03:44:27 MSK 2023 RLS1 : Обнаружена цель ID:705816 с координатами x:5569128, y:6239456
Mon May 22 03:44:27 MSK 2023 RLS1 : Обнаружена цель ID:815f71 с координатами x:4161219, y:5064887
Mon May 22 03:44:27 MSK 2023 RLS1 : Обнаружена цель ID:7e9b33 с координатами x:4830071, y:6348999
Mon May 22 03:44:27 MSK 2023 RLS1 : Обнаружена цель ID:ba96fe с координатами x:5491153, y:3720036
Mon May 22 03:44:27 MSK 2023 RLS1 : Обнаружена цель ID:7392e7 с координатами x:6697879, y:3366045
Mon May 22 03:44:27 MSK 2023 RLS1 : Обнаружена цель ID:e7cd67 с координатами x:4780239, y:3436187
Mon May 22 03:44:27 MSK 2023 RLS3 : Обнаружена цель ID:29d8df с координатами x:3659463, y:1894500
Mon May 22 03:44:27 MSK 2023 RLS3 : Обнаружена цель ID:f27bfd с координатами x:4131750, y:1853413
Mon May 22 03:44:27 MSK 2023 SPRO : Обнаружена баллистическая ракета на координатах x:5966212, y:191528. Производится выстрел.
Mon May 22 03:44:28 MSK 2023 ZRDN1 : Обнаружена крылатая ракета на координатах x:7616386, y:6960822. Производится выстрел.
Mon May 22 03:44:28 MSK 2023 ZRDN1 : Цель с ID: 288002 не была сбита. Производится повторный выстрел
Mon May 22 03:44:28 MSK 2023 ZRDN1 : Обнаружен самолет на координатах x:7549788, y:3288002. Производится выстрел.
Mon May 22 03:44:28 MSK 2023 ZRDN2 : Обнаружена крылатая ракета на координатах x:2833352, y:3662562. Производится выстрел.
Mon May 22 03:44:28 MSK 2023 ZRDN3 : Цель с ID: 853826 не была сбита. Производится повторный выстрел
Mon May 22 03:44:28 MSK 2023 ZRDN3 : Обнаружен самолет на координатах x:4161219, y:5064887. Производится выстрел.
Mon May 22 03:44:28 MSK 2023 ZRDN3 : Обнаружена крылатая ракета на координатах x:4132500, y:1853826. Производится выстрел.
Mon May 22 03:44:28 MSK 2023 RLS1 : Цель с ID: 119740 (ББ) движется в сторону СПРО
Mon May 22 03:44:28 MSK 2023 SPRO : Цель с ID: 0c70ef была сбита
Mon May 22 03:44:28 MSK 2023 ZRDN1 : Обнаружена крылатая ракета на координатах x:4780478, y:3436374. Производится выстрел.
Mon May 22 03:44:28 MSK 2023 ZRDN1 : Цель с ID: 965132 была сбита
Mon May 22 03:44:28 MSK 2023 ZRDN1 : Цель с ID: 795e43 была сбита
Mon May 22 03:44:28 MSK 2023 ZRDN2 : Цель с ID: a6e043 была сбита
Mon May 22 03:44:28 MSK 2023 ZRDN3 : Обнаружена крылатая ракета на координатах x:8759560, y:4005502. Производится выстрел.
Mon May 22 03:44:28 MSK 2023 ZRDN3 : Цель с ID: 815f71 была сбита
Mon May 22 03:44:28 MSK 2023 ZRDN3 : Цель с ID: f27bfd была сбита
Mon May 22 03:44:29 MSK 2023 RLS1 : Цель с ID: 119740 (ББ) движется в сторону СПРО
Mon May 22 03:44:29 MSK 2023 SPRO : Обнаружена баллистическая ракета на координатах x:12763047, y:4763875. Производится выстрел.
Mon May 22 03:44:29 MSK 2023 ZRDN1 : Обнаружен самолет на координатах x:5491459, y:3720108. Производится выстрел.
Mon May 22 03:44:29 MSK 2023 ZRDN1 : Цель с ID: e7cd67 была сбита
Mon May 22 03:44:29 MSK 2023 ZRDN2 : Обнаружен самолет на координатах x:5491459, y:3720108. Производится выстрел.
Mon May 22 03:44:29 MSK 2023 ZRDN3 : Обнаружена крылатая ракета на координатах x:7569456, y:2164114. Производится выстрел.
Mon May 22 03:44:29 MSK 2023 ZRDN3 : Цель с ID: 622e44 была сбита
Mon May 22 03:44:29 MSK 2023 SPRO : Цель с ID: 87d3f5 была сбита
Mon May 22 03:44:29 MSK 2023 ZRDN1 : Цель с ID: 7abc49 была сбита
Mon May 22 03:44:29 MSK 2023 ZRDN1 : Цель с ID: ba96fe была сбита
Mon May 22 03:44:30 MSK 2023 ZRDN1 : Обнаружена крылатая ракета на координатах x:7379480, y:3776312. Производится выстрел.
Mon May 22 03:44:30 MSK 2023 ZRDN1 : Цель с ID: 720108 не была сбита. Производится повторный выстрел
Mon May 22 03:44:30 MSK 2023 ZRDN2 : Цель с ID: 7abc49 была сбита
Mon May 22 03:44:30 MSK 2023 ZRDN2 : Цель с ID: ba96fe была сбита
Mon May 22 03:44:30 MSK 2023 ZRDN2 : Обнаружена крылатая ракета на координатах x:7379480, y:3776312. Производится выстрел.
Mon May 22 03:44:30 MSK 2023 ZRDN2 : Цель с ID: 720108 не была сбита. Производится повторный выстрел
Mon May 22 03:44:30 MSK 2023 ZRDN3 : Обнаружен самолет на координатах x:5491306, y:3720072. Производится выстрел.
Mon May 22 03:44:30 MSK 2023 ZRDN3 : Цель с ID: 064548 не была сбита. Производится повторный выстрел
Mon May 22 03:44:30 MSK 2023 ZRDN3 : Обнаружен самолет на координатах x:4161876, y:5064548. Производится выстрел.
Mon May 22 03:44:30 MSK 2023 ZRDN3 : Цель с ID: 80d233 была сбита
Mon May 22 03:44:30 MSK 2023 SPRO : Цель с ID: 6821d8 была сбита
Mon May 22 03:44:30 MSK 2023 SPRO : Обнаружена баллистическая ракета на координатах x:4739496, y:3742392. Производится выстрел.
Mon May 22 03:44:30 MSK 2023 ZRDN1 : Обнаружена крылатая ракета на координатах x:5569384, y:6238368. Производится выстрел.
Mon May 22 03:44:30 MSK 2023 ZRDN1 : Обнаружена крылатая ракета на координатах x:8380504, y:5038900. Производится выстрел.
Mon May 22 03:44:30 MSK 2023 ZRDN1 : Цель с ID: bf49da была сбита
Mon May 22 03:44:30 MSK 2023 ZRDN1 : Обнаружена крылатая ракета на координатах x:9419056, y:6682907. Производится выстрел.
Mon May 22 03:44:30 MSK 2023 ZRDN2 : Обнаружена крылатая ракета на координатах x:5569384, y:6238368. Производится выстрел.
Mon May 22 03:44:30 MSK 2023 ZRDN2 : Обнаружена крылатая ракета на координатах x:8380504, y:5038900. Производится выстрел.
Mon May 22 03:44:30 MSK 2023 ZRDN2 : Цель с ID: bf49da была сбита
Mon May 22 03:44:30 MSK 2023 ZRDN2 : Обнаружена крылатая ракета на координатах x:9419056, y:6682907. Производится выстрел.
Mon May 22 03:44:30 MSK 2023 ZRDN3 : Обнаружена крылатая ракета на координатах x:9419056, y:6682907. Производится выстрел.
Mon May 22 03:44:30 MSK 2023 ZRDN3 : Цель с ID: ba96fe была сбита
Mon May 22 03:44:30 MSK 2023 ZRDN3 : Цель с ID: 815f71 была сбита
Mon May 22 03:44:31 MSK 2023 RLS1 : Цель с ID: 119740 (ББ) движется в сторону СПРО
Mon May 22 03:44:31 MSK 2023 RLS3 : Обнаружена цель ID:506343 с координатами x:4041573, y:3499247
Mon May 22 03:44:31 MSK 2023 ZRDN1 : Обнаружен самолет на координатах x:3184472, y:7062768. Производится выстрел.
Mon May 22 03:44:31 MSK 2023 ZRDN1 : Обнаружена крылатая ракета на координатах x:5010930, y:6206670. Производится выстрел.
Mon May 22 03:44:31 MSK 2023 ZRDN1 : Цель с ID: 705816 была сбита
Mon May 22 03:44:31 MSK 2023 ZRDN1 : Цель с ID: f3b8e8 была сбита
Mon May 22 03:44:31 MSK 2023 ZRDN1 : Цель с ID: 038900 не была сбита. Производится повторный выстрел
Mon May 22 03:44:31 MSK 2023 ZRDN2 : Обнаружен самолет на координатах x:3184472, y:7062768. Производится выстрел.
Mon May 22 03:44:31 MSK 2023 ZRDN2 : Обнаружена крылатая ракета на координатах x:5010930, y:6206670. Производится выстрел.
Mon May 22 03:44:31 MSK 2023 ZRDN2 : Цель с ID: 705816 была сбита
Mon May 22 03:44:31 MSK 2023 ZRDN2 : Цель с ID: f3b8e8 была сбита
Mon May 22 03:44:31 MSK 2023 ZRDN2 : Цель с ID: 038900 не была сбита. Производится повторный выстрел
Mon May 22 03:44:31 MSK 2023 ZRDN3 : Обнаружен самолет на координатах x:3184472, y:7062768. Производится выстрел.
Mon May 22 03:44:31 MSK 2023 ZRDN3 : Обнаружена крылатая ракета на координатах x:5010930, y:6206670. Производится выстрел.
Mon May 22 03:44:31 MSK 2023 ZRDN3 : Цель с ID: bf49da была сбита
Mon May 22 03:44:32 MSK 2023 RLS1 : Обнаружена цель ID:5eab43 с координатами x:4117506, y:4243073
Mon May 22 03:44:32 MSK 2023 RLS1 : Цель с ID: 119740 (ББ) движется в сторону СПРО
Mon May 22 03:44:32 MSK 2023 RLS1 : Обнаружена цель ID:04cca0 с координатами x:3973089, y:5248925
Mon May 22 03:44:32 MSK 2023 RLS1 : Обнаружена цель ID:506343 с координатами x:4041573, y:3499247
Mon May 22 03:44:32 MSK 2023 RLS1 : Обнаружена цель ID:4de0fb с координатами x:4965885, y:550999
Mon May 22 03:44:32 MSK 2023 SPRO : Обнаружена баллистическая ракета на координатах x:4530618, y:170532. Производится выстрел.
Mon May 22 03:44:32 MSK 2023 SPRO : Цель с ID: 161d11 была сбита
Mon May 22 03:44:32 MSK 2023 SPRO : Обнаружена баллистическая ракета на координатах x:6992835, y:4984145. Производится выстрел.
Mon May 22 03:44:32 MSK 2023 ZRDN1 : Обнаружен самолет на координатах x:4830355, y:6348995. Производится выстрел.
Mon May 22 03:44:32 MSK 2023 ZRDN1 : Цель с ID: 5f5306 была сбита
Mon May 22 03:44:32 MSK 2023 ZRDN1 : Цель с ID: f16db3 была сбита
Mon May 22 03:44:32 MSK 2023 ZRDN2 : Обнаружена крылатая ракета на координатах x:9417760, y:6682845. Производится выстрел.
Mon May 22 03:44:32 MSK 2023 ZRDN2 : Обнаружена крылатая ракета на координатах x:6441694, y:6561776. Производится выстрел.
Mon May 22 03:44:32 MSK 2023 ZRDN2 : Цель с ID: 5f5306 была сбита
Mon May 22 03:44:32 MSK 2023 ZRDN2 : Цель с ID: f16db3 была сбита
Mon May 22 03:44:32 MSK 2023 ZRDN3 : Цель с ID: 348995 не была сбита. Производится повторный выстрел
Mon May 22 03:44:32 MSK 2023 ZRDN3 : Обнаружен самолет на координатах x:3184472, y:7062768. Производится выстрел.
Mon May 22 03:44:32 MSK 2023 ZRDN3 : Обнаружен самолет на координатах x:4830355, y:6348995. Производится выстрел.
Mon May 22 03:44:32 MSK 2023 ZRDN3 : Цель с ID: 5f5306 была сбита
Mon May 22 03:44:32 MSK 2023 ZRDN3 : Цель с ID: f16db3 была сбита
Mon May 22 03:44:33 MSK 2023 RLS1 : Цель с ID: 4de0fb (ББ) движется в сторону СПРО
Mon May 22 03:44:33 MSK 2023 RLS1 : Цель с ID: 119740 (ББ) движется в сторону СПРО
Mon May 22 03:44:33 MSK 2023 RLS3 : Обнаружена цель ID:6a7a17 с координатами x:3217307, y:2142282
Mon May 22 03:44:33 MSK 2023 RLS3 : Обнаружена цель ID:848c32 с координатами x:2612364, y:2249470
Mon May 22 03:44:33 MSK 2023 SPRO : Цель с ID: 507436 не была сбита. Производится повторный выстрел
Mon May 22 03:44:33 MSK 2023 SPRO : Обнаружена баллистическая ракета на координатах x:4965885, y:550999. Производится выстрел.
Mon May 22 03:44:33 MSK 2023 SPRO : Обнаружена баллистическая ракета на координатах x:8123762, y:507436. Производится выстрел.
Mon May 22 03:44:33 MSK 2023 SPRO : Цель с ID: 119740 была сбита
Mon May 22 03:44:33 MSK 2023 ZRDN1 : Обнаружена крылатая ракета на координатах x:9417760, y:6682845. Производится выстрел.
Mon May 22 03:44:33 MSK 2023 ZRDN1 : Обнаружена крылатая ракета на координатах x:5778440, y:2553426. Производится выстрел.
Mon May 22 03:44:33 MSK 2023 ZRDN1 : Цель с ID: 7e9b33 была сбита
Mon May 22 03:44:33 MSK 2023 ZRDN2 : Цель с ID: 499494 не была сбита. Производится повторный выстрел
Mon May 22 03:44:33 MSK 2023 ZRDN2 : Обнаружена крылатая ракета на координатах x:9417760, y:6682845. Производится выстрел.
Mon May 22 03:44:33 MSK 2023 ZRDN2 : Обнаружена крылатая ракета на координатах x:4042146, y:3499494. Производится выстрел.
Mon May 22 03:44:33 MSK 2023 ZRDN2 : Цель с ID: bf49da была сбита
Mon May 22 03:44:33 MSK 2023 ZRDN2 : Цель с ID: 8b88b7 была сбита
Mon May 22 03:44:33 MSK 2023 ZRDN3 : Обнаружена крылатая ракета на координатах x:9417760, y:6682845. Производится выстрел.
Mon May 22 03:44:33 MSK 2023 ZRDN3 : Обнаружена крылатая ракета на координатах x:6441694, y:6561776. Производится выстрел.
Mon May 22 03:44:33 MSK 2023 ZRDN3 : Цель с ID: 5f5306 была сбита
Mon May 22 03:44:33 MSK 2023 ZRDN3 : Цель с ID: 7e9b33 была сбита
Mon May 22 03:44:33 MSK 2023 RLS1 : Обнаружена цель ID:f8a170 с координатами x:4537091, y:4030016
Mon May 22 03:44:33 MSK 2023 RLS1 : Обнаружена цель ID:a8043c с координатами x:5652322, y:3619298
Mon May 22 03:44:33 MSK 2023 SPRO : Обнаружена баллистическая ракета на координатах x:7853037, y:6283828. Производится выстрел.
Mon May 22 03:44:33 MSK 2023 SPRO : Цель с ID: 4de0fb была сбита
Mon May 22 03:44:33 MSK 2023 SPRO : Цель с ID: 2a3883 была сбита
Mon May 22 03:44:34 MSK 2023 ZRDN1 : Цель с ID: 488055 не была сбита. Производится повторный выстрел
Mon May 22 03:44:34 MSK 2023 ZRDN1 : Обнаружена крылатая ракета на координатах x:2612364, y:2249470. Производится выстрел.
Mon May 22 03:44:34 MSK 2023 ZRDN1 : Обнаружена крылатая ракета на координатах x:7340454, y:5488055. Производится выстрел.
Mon May 22 03:44:34 MSK 2023 ZRDN1 : Цель с ID: bf49da была сбита
Mon May 22 03:44:34 MSK 2023 ZRDN1 : Цель с ID: 11e284 была сбита
Mon May 22 03:44:34 MSK 2023 ZRDN2 : Цель с ID: 488055 не была сбита. Производится повторный выстрел
Mon May 22 03:44:34 MSK 2023 ZRDN2 : Обнаружена крылатая ракета на координатах x:2612364, y:2249470. Производится выстрел.
Mon May 22 03:44:34 MSK 2023 ZRDN2 : Обнаружена крылатая ракета на координатах x:7340454, y:5488055. Производится выстрел.
Mon May 22 03:44:34 MSK 2023 ZRDN2 : Цель с ID: bf49da была сбита
Mon May 22 03:44:34 MSK 2023 ZRDN2 : Цель с ID: 506343 была сбита
Mon May 22 03:44:34 MSK 2023 ZRDN3 : Цель с ID: 848c32 была сбита
Mon May 22 03:44:34 MSK 2023 ZRDN3 : Цель с ID: 3f914c была сбита
Mon May 22 03:44:34 MSK 2023 ZRDN3 : Цель с ID: 488055 не была сбита. Производится повторный выстрел
Mon May 22 03:44:34 MSK 2023 ZRDN3 : Обнаружена крылатая ракета на координатах x:2612364, y:2249470. Производится выстрел.
Mon May 22 03:44:34 MSK 2023 ZRDN3 : Обнаружена крылатая ракета на координатах x:7340454, y:5488055. Производится выстрел.
Mon May 22 03:44:34 MSK 2023 ZRDN3 : Цель с ID: bf49da была сбита
Mon May 22 03:44:34 MSK 2023 ZRDN3 : Цель с ID: 8b88b7 была сбита
Mon May 22 03:44:34 MSK 2023 RLS1 : Обнаружена цель ID:d72993 с координатами x:3730149, y:6992984
Mon May 22 03:44:34 MSK 2023 SPRO : Кончились боеприпасы. Переход в режим наблюдения
Mon May 22 03:44:34 MSK 2023 SPRO : Обнаружена баллистическая ракета на координатах x:12784904, y:6669898. Производится выстрел.
Mon May 22 03:44:34 MSK 2023 SPRO : Цель с ID: cb74ed была сбита
Mon May 22 03:44:34 MSK 2023 ZRDN1 : Цель с ID: d28704 была сбита
Mon May 22 03:44:34 MSK 2023 ZRDN1 : Кончились боеприпасы. Переход в режим наблюдения
Mon May 22 03:44:34 MSK 2023 ZRDN1 : Обнаружена крылатая ракета на координатах x:9315356, y:6775954. Производится выстрел.
Mon May 22 03:44:35 MSK 2023 ZRDN1 : Цель с ID: 848c32 была сбита
Mon May 22 03:44:35 MSK 2023 ZRDN1 : Цель с ID: 3f914c была сбита
Mon May 22 03:44:35 MSK 2023 ZRDN2 : Кончились боеприпасы. Переход в режим наблюдения
Mon May 22 03:44:35 MSK 2023 ZRDN2 : Обнаружена крылатая ракета на координатах x:3217921, y:2142846. Производится выстрел.
Mon May 22 03:44:35 MSK 2023 ZRDN2 : Цель с ID: d28704 была сбита
Mon May 22 03:44:35 MSK 2023 ZRDN2 : Обнаружена крылатая ракета на координатах x:9315356, y:6775954. Производится выстрел.
Mon May 22 03:44:35 MSK 2023 ZRDN2 : Цель с ID: 848c32 была сбита
Mon May 22 03:44:35 MSK 2023 ZRDN2 : Цель с ID: 3f914c была сбита
Mon May 22 03:44:35 MSK 2023 ZRDN3 : Цель с ID: d28704 была сбита
Mon May 22 03:44:35 MSK 2023 ZRDN3 : Кончились боеприпасы. Переход в режим наблюдения
Mon May 22 03:44:35 MSK 2023 ZRDN3 : Обнаружена крылатая ракета на координатах x:9315356, y:6775954. Производится выстрел.
Mon May 22 03:44:35 MSK 2023 RLS1 : Обнаружена цель ID:2baa42 с координатами x:5296887, y:5481603
Mon May 22 03:44:35 MSK 2023 RLS1 : Обнаружена цель ID:2f4835 с координатами x:3699560, y:3498466
Mon May 22 03:44:35 MSK 2023 RLS1 : Обнаружена цель ID:f8edfc с координатами x:5130542, y:4131948
Mon May 22 03:44:35 MSK 2023 RLS3 : Обнаружена цель ID:2f4835 с координатами x:3699560, y:3498466
Mon May 22 03:44:35 MSK 2023 SPRO : Цель с ID: 02af7c была сбита
Mon May 22 03:44:35 MSK 2023 ZRDN2 : Цель с ID: 6a7a17 была сбита
Mon May 22 03:44:37 MSK 2023 RLS1 : Цель с ID: f8edfc (ББ) движется в сторону СПРО
Mon May 22 03:44:37 MSK 2023 RLS1 : Обнаружена цель ID:c8a2f4 с координатами x:3363057, y:4203006
Mon May 22 03:44:37 MSK 2023 RLS1 : Обнаружена цель ID:442941 с координатами x:6743492, y:4619155
Mon May 22 03:44:39 MSK 2023 RLS1 : Цель с ID: 442941 (ББ) движется в сторону СПРО
Mon May 22 03:44:39 MSK 2023 RLS1 : Цель с ID: f8edfc (ББ) движется в сторону СПРО
Mon May 22 03:44:39 MSK 2023 RLS3 : РЛС3 функционирует в нормальном режиме
Mon May 22 03:44:39 MSK 2023 SPRO : СПРО функционирует в нормальном режиме
Mon May 22 03:44:39 MSK 2023 ZRDN1 : ЗРДН1 функционирует в нормальном режиме
Mon May 22 03:44:39 MSK 2023 ZRDN2 : ЗРДН2 функционирует в нормальном режиме
Mon May 22 03:44:39 MSK 2023 ZRDN3 : ЗРДН3 функционирует в нормальном режиме
Mon May 22 03:44:40 MSK 2023 RLS1 : Цель с ID: 442941 (ББ) движется в сторону СПРО
Mon May 22 03:44:40 MSK 2023 RLS1 : Цель с ID: f8edfc (ББ) движется в сторону СПРО
Mon May 22 03:44:40 MSK 2023 RLS1 : РЛС1 функционирует в нормальном режиме
Mon May 22 03:44:40 MSK 2023 RLS2 : РЛС2 функционирует в нормальном режиме
Mon May 22 03:44:40 MSK 2023 RLS1 : Цель с ID: f8edfc (ББ) движется в сторону СПРО
Mon May 22 03:44:41 MSK 2023 RLS1 : Цель с ID: 442941 (ББ) движется в сторону СПРО
Mon May 22 03:44:41 MSK 2023 RLS1 : Цель с ID: f8edfc (ББ) движется в сторону СПРО
Mon May 22 03:44:41 MSK 2023 RLS1 : Цель с ID: 442941 (ББ) движется в сторону СПРО
Mon May 22 03:44:42 MSK 2023 RLS1 : Цель с ID: 442941 (ББ) движется в сторону СПРО
Mon May 22 03:44:42 MSK 2023 RLS1 : Цель с ID: f8edfc (ББ) движется в сторону СПРО
Mon May 22 03:44:44 MSK 2023 RLS1 : Цель с ID: 442941 (ББ) движется в сторону СПРО
Mon May 22 03:44:44 MSK 2023 RLS1 : Цель с ID: f8edfc (ББ) движется в сторону СПРО
Mon May 22 03:44:45 MSK 2023 RLS1 : Цель с ID: 442941 (ББ) движется в сторону СПРО
Mon May 22 03:44:45 MSK 2023 RLS1 : Цель с ID: f8edfc (ББ) движется в сторону СПРО
Mon May 22 03:44:45 MSK 2023 RLS1 : Цель с ID: 442941 (ББ) движется в сторону СПРО
Mon May 22 03:44:46 MSK 2023 RLS1 : Цель с ID: f8edfc (ББ) движется в сторону СПРО
Mon May 22 03:44:47 MSK 2023 RLS1 : Цель с ID: f8edfc (ББ) движется в сторону СПРО
Mon May 22 03:44:47 MSK 2023 RLS1 : Цель с ID: 442941 (ББ) движется в сторону СПРО
Mon May 22 03:44:48 MSK 2023 RLS1 : Цель с ID: f8edfc (ББ) движется в сторону СПРО
Mon May 22 03:44:48 MSK 2023 RLS1 : Цель с ID: 442941 (ББ) движется в сторону СПРО
Mon May 22 03:44:49 MSK 2023 RLS1 : Цель с ID: f8edfc (ББ) движется в сторону СПРО
Mon May 22 03:44:49 MSK 2023 RLS1 : Цель с ID: 442941 (ББ) движется в сторону СПРО
Mon May 22 03:44:49 MSK 2023 RLS1 : Цель с ID: 442941 (ББ) движется в сторону СПРО
Mon May 22 03:44:49 MSK 2023 RLS1 : Цель с ID: f8edfc (ББ) движется в сторону СПРО
Mon May 22 03:44:50 MSK 2023 RLS3 : РЛС3 функционирует в нормальном режиме
Mon May 22 03:44:50 MSK 2023 SPRO : СПРО функционирует в нормальном режиме
Mon May 22 03:44:50 MSK 2023 ZRDN2 : ЗРДН2 функционирует в нормальном режиме
Mon May 22 03:44:50 MSK 2023 ZRDN3 : ЗРДН3 функционирует в нормальном режиме
Mon May 22 03:44:50 MSK 2023 RLS1 : РЛС1 функционирует в нормальном режиме
Mon May 22 03:44:50 MSK 2023 RLS2 : РЛС2 функционирует в нормальном режиме
Mon May 22 03:44:50 MSK 2023 ZRDN1 : ЗРДН1 функционирует в нормальном режиме
Mon May 22 03:44:51 MSK 2023 RLS1 : Цель с ID: f8edfc (ББ) движется в сторону СПРО
Mon May 22 03:44:51 MSK 2023 RLS1 : Цель с ID: 442941 (ББ) движется в сторону СПРО
Mon May 22 03:44:52 MSK 2023 RLS1 : Обнаружена цель ID:eb5caa с координатами x:4320354, y:3619826
Mon May 22 03:44:52 MSK 2023 RLS1 : Цель с ID: 442941 (ББ) движется в сторону СПРО
Mon May 22 03:44:52 MSK 2023 RLS1 : Цель с ID: f8edfc (ББ) движется в сторону СПРО
Mon May 22 03:44:53 MSK 2023 RLS1 : Цель с ID: eb5caa (ББ) движется в сторону СПРО
Mon May 22 03:44:53 MSK 2023 RLS1 : Цель с ID: f8edfc (ББ) движется в сторону СПРО
Mon May 22 03:44:53 MSK 2023 RLS1 : Цель с ID: 442941 (ББ) движется в сторону СПРО
Mon May 22 03:44:54 MSK 2023 RLS1 : Цель с ID: eb5caa (ББ) движется в сторону СПРО
Mon May 22 03:44:54 MSK 2023 RLS1 : Обнаружена цель ID:11b9ff с координатами x:7066474, y:4539603
Mon May 22 03:44:54 MSK 2023 RLS1 : Цель с ID: 442941 (ББ) движется в сторону СПРО
Mon May 22 03:44:54 MSK 2023 RLS1 : Цель с ID: f8edfc (ББ) движется в сторону СПРО
Mon May 22 03:44:55 MSK 2023 RLS1 : Цель с ID: f8edfc (ББ) движется в сторону СПРО
Mon May 22 03:44:55 MSK 2023 RLS1 : Цель с ID: 442941 (ББ) движется в сторону СПРО
Mon May 22 03:44:55 MSK 2023 RLS1 : Цель с ID: 11b9ff (ББ) движется в сторону СПРО
Mon May 22 03:44:55 MSK 2023 RLS1 : Цель с ID: eb5caa (ББ) движется в сторону СПРО
Mon May 22 03:44:56 MSK 2023 RLS1 : Цель с ID: eb5caa (ББ) движется в сторону СПРО
Mon May 22 03:44:56 MSK 2023 RLS1 : Цель с ID: 442941 (ББ) движется в сторону СПРО
Mon May 22 03:44:56 MSK 2023 RLS1 : Цель с ID: f8edfc (ББ) движется в сторону СПРО
Mon May 22 03:44:56 MSK 2023 RLS1 : Цель с ID: 11b9ff (ББ) движется в сторону СПРО
Mon May 22 03:44:57 MSK 2023 RLS1 : Цель с ID: 11b9ff (ББ) движется в сторону СПРО
Mon May 22 03:44:57 MSK 2023 RLS1 : Цель с ID: eb5caa (ББ) движется в сторону СПРО
Mon May 22 03:44:57 MSK 2023 RLS1 : Обнаружена цель ID:36942a с координатами x:4430390, y:3421063
Mon May 22 03:44:57 MSK 2023 RLS1 : Цель с ID: f8edfc (ББ) движется в сторону СПРО
Mon May 22 03:44:57 MSK 2023 RLS1 : Цель с ID: 442941 (ББ) движется в сторону СПРО
Mon May 22 03:44:57 MSK 2023 RLS3 : Обнаружена цель ID:36942a с координатами x:4430390, y:3421063
Mon May 22 03:44:57 MSK 2023 RLS1 : Цель с ID: 442941 (ББ) движется в сторону СПРО
Mon May 22 03:44:57 MSK 2023 RLS1 : Цель с ID: f8edfc (ББ) движется в сторону СПРО
Mon May 22 03:44:58 MSK 2023 RLS1 : Цель с ID: 11b9ff (ББ) движется в сторону СПРО
Mon May 22 03:44:58 MSK 2023 RLS1 : Цель с ID: eb5caa (ББ) движется в сторону СПРО
Mon May 22 03:44:59 MSK 2023 RLS1 : Цель с ID: 11b9ff (ББ) движется в сторону СПРО
Mon May 22 03:44:59 MSK 2023 RLS1 : Цель с ID: f8edfc (ББ) движется в сторону СПРО
Mon May 22 03:44:59 MSK 2023 RLS1 : Цель с ID: 442941 (ББ) движется в сторону СПРО
Mon May 22 03:44:59 MSK 2023 RLS1 : Цель с ID: eb5caa (ББ) движется в сторону СПРО
Mon May 22 03:45:00 MSK 2023 RLS1 : Цель с ID: f8edfc (ББ) движется в сторону СПРО
Mon May 22 03:45:01 MSK 2023 RLS1 : Цель с ID: eb5caa (ББ) движется в сторону СПРО
Mon May 22 03:45:01 MSK 2023 RLS1 : Цель с ID: 11b9ff (ББ) движется в сторону СПРО
Mon May 22 03:45:01 MSK 2023 RLS1 : Цель с ID: 442941 (ББ) движется в сторону СПРО
Mon May 22 03:45:01 MSK 2023 RLS2 : РЛС2 функционирует в нормальном режиме
Mon May 22 03:45:01 MSK 2023 RLS3 : РЛС3 функционирует в нормальном режиме
Mon May 22 03:45:01 MSK 2023 SPRO : СПРО функционирует в нормальном режиме
Mon May 22 03:45:01 MSK 2023 ZRDN1 : ЗРДН1 функционирует в нормальном режиме
Mon May 22 03:45:01 MSK 2023 ZRDN2 : ЗРДН2 функционирует в нормальном режиме
Mon May 22 03:45:01 MSK 2023 ZRDN3 : ЗРДН3 функционирует в нормальном режиме
Mon May 22 03:45:01 MSK 2023 RLS1 : Цель с ID: eb5caa (ББ) движется в сторону СПРО
Mon May 22 03:45:01 MSK 2023 RLS1 : Цель с ID: 442941 (ББ) движется в сторону СПРО
Mon May 22 03:45:01 MSK 2023 RLS1 : Цель с ID: f8edfc (ББ) движется в сторону СПРО
Mon May 22 03:45:01 MSK 2023 RLS1 : РЛС1 функционирует в нормальном режиме
Mon May 22 03:45:02 MSK 2023 RLS2 : Обнаружена цель ID:d83298 с координатами x:9920837, y:2513129
Mon May 22 03:45:03 MSK 2023 RLS1 : Цель с ID: eb5caa (ББ) движется в сторону СПРО
Mon May 22 03:45:03 MSK 2023 RLS1 : Цель с ID: 442941 (ББ) движется в сторону СПРО
Mon May 22 03:45:03 MSK 2023 RLS1 : Цель с ID: f8edfc (ББ) движется в сторону СПРО
Mon May 22 03:45:03 MSK 2023 RLS1 : Цель с ID: 442941 (ББ) движется в сторону СПРО
Mon May 22 03:45:03 MSK 2023 RLS1 : Цель с ID: f8edfc (ББ) движется в сторону СПРО
Mon May 22 03:45:04 MSK 2023 RLS1 : Цель с ID: eb5caa (ББ) движется в сторону СПРО
Mon May 22 03:45:04 MSK 2023 RLS1 : Цель с ID: eb5caa (ББ) движется в сторону СПРО
Mon May 22 03:45:04 MSK 2023 RLS1 : Цель с ID: 442941 (ББ) движется в сторону СПРО
Mon May 22 03:45:04 MSK 2023 RLS1 : Цель с ID: f8edfc (ББ) движется в сторону СПРО
Mon May 22 03:45:05 MSK 2023 RLS1 : Цель с ID: eb5caa (ББ) движется в сторону СПРО
Mon May 22 03:45:05 MSK 2023 RLS1 : Цель с ID: f8edfc (ББ) движется в сторону СПРО
Mon May 22 03:45:05 MSK 2023 RLS1 : Цель с ID: 442941 (ББ) движется в сторону СПРО
Mon May 22 03:45:06 MSK 2023 RLS1 : Цель с ID: f8edfc (ББ) движется в сторону СПРО
Mon May 22 03:45:06 MSK 2023 RLS1 : Цель с ID: eb5caa (ББ) движется в сторону СПРО
Mon May 22 03:45:06 MSK 2023 RLS1 : Цель с ID: 442941 (ББ) движется в сторону СПРО
Mon May 22 03:45:07 MSK 2023 RLS1 : Цель с ID: 442941 (ББ) движется в сторону СПРО
Mon May 22 03:45:07 MSK 2023 RLS1 : Цель с ID: f8edfc (ББ) движется в сторону СПРО
Mon May 22 03:45:07 MSK 2023 RLS1 : Цель с ID: eb5caa (ББ) движется в сторону СПРО
Mon May 22 03:45:08 MSK 2023 RLS1 : Цель с ID: eb5caa (ББ) движется в сторону СПРО
Mon May 22 03:45:08 MSK 2023 RLS1 : Цель с ID: 442941 (ББ) движется в сторону СПРО
Mon May 22 03:45:08 MSK 2023 RLS1 : Обнаружена цель ID:c8745e с координатами x:6814598, y:5384132
Mon May 22 03:45:08 MSK 2023 RLS1 : Цель с ID: f8edfc (ББ) движется в сторону СПРО
Mon May 22 03:45:10 MSK 2023 RLS1 : Цель с ID: f8edfc (ББ) движется в сторону СПРО
Mon May 22 03:45:10 MSK 2023 RLS1 : Цель с ID: 442941 (ББ) движется в сторону СПРО
Mon May 22 03:45:10 MSK 2023 RLS1 : Цель с ID: c8745e (ББ) движется в сторону СПРО
